<?xml version="1.0" encoding="UTF-8"?>
<!-- Generated by org.testng.reporters.JUnitReportReporter -->
<testsuite skipped="0" hostname="DESKTOP-27L8JE7" name="suiteB.TestB1" tests="1" failures="0" timestamp="08 Jun 2020 01:42:41 GMT" time="2.015" errors="0">
  <testcase name="f" time="2.015" classname="suiteB.TestB1"/>
</testsuite> <!-- suiteB.TestB1 -->
