<?xml version="1.0" encoding="UTF-8"?>
<!-- Generated by org.testng.reporters.JUnitReportReporter -->
<testsuite skipped="1" hostname="DESKTOP-27L8JE7" name="pageObjectmodel.Login" tests="2" failures="0" timestamp="09 Jul 2020 10:54:59 GMT" time="22.511" errors="0">
  <testcase name="registration" time="22.511" classname="pageObjectmodel.Login"/>
  <testcase name="login" classname="pageObjectmodel.Login">
    <skipped/>
  </testcase> <!-- login -->
</testsuite> <!-- pageObjectmodel.Login -->
