<?xml version="1.0" encoding="UTF-8"?>
<!-- Generated by org.testng.reporters.JUnitReportReporter -->
<testsuite skipped="6" hostname="DESKTOP-27L8JE7" name="actionClasses.MouseOperations" tests="7" failures="0" timestamp="29 Jun 2020 01:53:28 GMT" time="17.707" errors="0">
  <testcase name="autoSuggestion" time="17.707" classname="actionClasses.MouseOperations"/>
  <testcase name="rightClickMethod" classname="actionClasses.MouseOperations">
    <skipped/>
  </testcase> <!-- rightClickMethod -->
  <testcase name="resizeMethod" classname="actionClasses.MouseOperations">
    <skipped/>
  </testcase> <!-- resizeMethod -->
  <testcase name="slider" classname="actionClasses.MouseOperations">
    <skipped/>
  </testcase> <!-- slider -->
  <testcase name="Browserslider" classname="actionClasses.MouseOperations">
    <skipped/>
  </testcase> <!-- Browserslider -->
  <testcase name="dragAnddrop" classname="actionClasses.MouseOperations">
    <skipped/>
  </testcase> <!-- dragAnddrop -->
  <testcase name="MoveToelement" classname="actionClasses.MouseOperations">
    <skipped/>
  </testcase> <!-- MoveToelement -->
</testsuite> <!-- actionClasses.MouseOperations -->
