<?xml version="1.0" encoding="UTF-8"?>
<!-- Generated by org.testng.reporters.JUnitReportReporter -->
<testsuite skipped="0" hostname="DESKTOP-27L8JE7" name="com.project.MavenSeleniumBuild_6_30AMBatch456.LinksTesting1" tests="1" failures="0" timestamp="08 Jun 2020 01:58:58 GMT" time="18.540" errors="0">
  <testcase name="linktesting1" time="18.540" classname="com.project.MavenSeleniumBuild_6_30AMBatch456.LinksTesting1"/>
</testsuite> <!-- com.project.MavenSeleniumBuild_6_30AMBatch456.LinksTesting1 -->
