<?xml version="1.0" encoding="UTF-8"?>
<!-- Generated by org.testng.reporters.JUnitReportReporter -->
<testsuite skipped="0" hostname="DESKTOP-27L8JE7" name="com.project.MavenSeleniumBuild_6_30AMBatch456.RadioButton1" tests="1" failures="0" timestamp="08 Jun 2020 02:04:50 GMT" time="14.717" errors="0">
  <testcase name="checkboxTest" time="14.717" classname="com.project.MavenSeleniumBuild_6_30AMBatch456.RadioButton1"/>
</testsuite> <!-- com.project.MavenSeleniumBuild_6_30AMBatch456.RadioButton1 -->
