<?xml version="1.0" encoding="UTF-8"?>
<!-- Generated by org.testng.reporters.JUnitReportReporter -->
<testsuite skipped="2" hostname="DESKTOP-27L8JE7" name="com.project.MavenSeleniumBuild_6_30AMBatch456.DependancyTest" tests="4" failures="0" timestamp="09 Jun 2020 01:29:29 GMT" time="0.025" errors="0">
  <testcase name="orange" time="0.021" classname="com.project.MavenSeleniumBuild_6_30AMBatch456.DependancyTest"/>
  <testcase name="white" time="0.002" classname="com.project.MavenSeleniumBuild_6_30AMBatch456.DependancyTest"/>
  <testcase name="blue" time="0.002" classname="com.project.MavenSeleniumBuild_6_30AMBatch456.DependancyTest">
    <skipped/>
  </testcase> <!-- blue -->
  <testcase name="green" time="0.000" classname="com.project.MavenSeleniumBuild_6_30AMBatch456.DependancyTest">
    <skipped/>
  </testcase> <!-- green -->
</testsuite> <!-- com.project.MavenSeleniumBuild_6_30AMBatch456.DependancyTest -->
