<?xml version="1.0" encoding="UTF-8"?>
<!-- Generated by org.testng.reporters.JUnitReportReporter -->
<testsuite skipped="1" hostname="DESKTOP-27L8JE7" name="com.project.MavenSeleniumBuild_6_30AMBatch.TC_001" tests="3" failures="0" timestamp="05 Jun 2020 01:44:36 GMT" time="0.015" errors="0">
  <testcase name="a" time="0.007" classname="com.project.MavenSeleniumBuild_6_30AMBatch.TC_001"/>
  <testcase name="f" time="0.008" classname="com.project.MavenSeleniumBuild_6_30AMBatch.TC_001"/>
  <testcase name="z" classname="com.project.MavenSeleniumBuild_6_30AMBatch.TC_001">
    <skipped/>
  </testcase> <!-- z -->
</testsuite> <!-- com.project.MavenSeleniumBuild_6_30AMBatch.TC_001 -->
