<?xml version="1.0" encoding="UTF-8"?>
<!-- Generated by org.testng.reporters.JUnitReportReporter -->
<testsuite skipped="0" hostname="DESKTOP-27L8JE7" name="com.project.MavenSeleniumBuild_6_30AMBatch.NewTest" tests="1" failures="0" timestamp="05 Jun 2020 01:44:36 GMT" time="0.003" errors="0">
  <testcase name="f" time="0.003" classname="com.project.MavenSeleniumBuild_6_30AMBatch.NewTest"/>
</testsuite> <!-- com.project.MavenSeleniumBuild_6_30AMBatch.NewTest -->
