<?xml version="1.0" encoding="UTF-8"?>
<!-- Generated by org.testng.reporters.JUnitReportReporter -->
<testsuite skipped="0" hostname="DESKTOP-27L8JE7" name="excelApis.DataManagementusingDataProvider" tests="2" failures="0" timestamp="22 Jun 2020 01:10:15 GMT" time="0.022" errors="0">
  <testcase name="f" time="0.019" classname="excelApis.DataManagementusingDataProvider"/>
  <testcase name="f" time="0.003" classname="excelApis.DataManagementusingDataProvider"/>
</testsuite> <!-- excelApis.DataManagementusingDataProvider -->
