<?xml version="1.0" encoding="UTF-8"?>
<!-- Generated by org.testng.reporters.JUnitReportReporter -->
<testsuite skipped="0" hostname="DESKTOP-27L8JE7" name="suiteA.TestA1" tests="1" failures="0" timestamp="08 Jun 2020 01:42:41 GMT" time="2.001" errors="0">
  <testcase name="f" time="2.001" classname="suiteA.TestA1"/>
</testsuite> <!-- suiteA.TestA1 -->
