<?xml version="1.0" encoding="UTF-8"?>
<!-- Generated by org.testng.reporters.JUnitReportReporter -->
<testsuite skipped="0" hostname="DESKTOP-27L8JE7" name="com.project.MavenSeleniumBuild_6_30AMBatch456.TC_003" tests="1" failures="0" timestamp="10 Jul 2020 01:48:54 GMT" time="24.131" errors="0">
  <testcase name="amazon" time="24.131" classname="com.project.MavenSeleniumBuild_6_30AMBatch456.TC_003"/>
</testsuite> <!-- com.project.MavenSeleniumBuild_6_30AMBatch456.TC_003 -->
